make all --print-data-base --no-builtin-variables --no-builtin-rules --question
# GNU Make 3.81
# Copyright (C) 2006  Free Software Foundation, Inc.
# This is free software; see the source for copying conditions.
# There is NO warranty; not even for MERCHANTABILITY or FITNESS FOR A
# PARTICULAR PURPOSE.

# This program built for i386-apple-darwin11.3.0
 

# Make data base, printed on Thu Aug 25 00:26:24 2022

# Variables

# environment
 
VSCODE_GIT_ASKPASS_MAIN = /Applications/Visual Studio Code.app/Contents/Resources/app/extensions/git/dist/askpass-main.js
# automatic
<D = $(patsubst %/,%,$(dir $<))
# automatic
?F = $(notdir $?)
# environment
ELECTRON_NO_ATTACH_CONSOLE = 1
# makefile (from `Makefile', line 41)
OBJ = $(patsubst src%, obj%, $(SRC:.c=.o))
# makefile (from `Makefile', line 27)
SRC = src/main/minishell.c src/main/signal.c src/env/env.c src/iostream/readcmdline.c src/parse/parse.c src/parse/token.c src/parse/tokenizer.c src/utile/ft_error.c
# environment
VSCODE_LOG_NATIVE = false
# automatic
?D = $(patsubst %/,%,$(dir $?))
# automatic
@D = $(patsubst %/,%,$(dir $@))
# automatic
@F = $(notdir $@)
# makefile
CURDIR := /Users/chaejkim/workspace/minishell/chaejkim_01
# makefile
SHELL = /bin/sh
# environment
MANPAGER = sh -c 'col -bx | bat -l man -p'
# environment
VSCODE_NLS_CONFIG = {"locale":"ko","availableLanguages":{},"_languagePackSupport":true}
# environment
_ = /usr/bin/make
# makefile (from `Makefile', line 16)
CFLAGS = -Wall -Werror -Wextra
# makefile (from `Makefile', line 1)
MAKEFILE_LIST :=  Makefile
# environment
VSCODE_VERBOSE_LOGGING = true
# environment
__CFBundleIdentifier = com.microsoft.VSCode
# environment
INFOPATH = /opt/homebrew/share/info:/opt/homebrew/share/info:
# environment
VSCODE_IPC_HOOK_EXTHOST = /var/folders/pw/zs_s4_b51d70wgw74tx4w76h0000gn/T/vscode-ipc-717d8073-bbef-4d99-a971-1a0f0798bfe7.sock
# environment
VSCODE_CWD = /Users/chaejkim/workspace/minishell/chaejkim_01
# environment
PATH = /opt/homebrew/bin:/opt/homebrew/sbin:/usr/local/bin:/usr/bin:/bin:/usr/sbin:/sbin:/Library/Apple/usr/bin:/opt/homebrew/bin:/opt/homebrew/sbin
# environment
LSCOLORS = Gxfxcxdxbxegedabagacad
# environment
LaunchInstanceID = 7E67B169-4ADA-4598-BE0C-4EC1E57A0492
# environment
VSCODE_LOG_STACK = false
# environment
ELECTRON_RUN_AS_NODE = 1
# makefile (from `Makefile', line 25)
LIB = -Llib/libft -lft -L$(LOCAL_RL_DIR)/lib -lreadline
# default
.FEATURES := target-specific order-only second-expansion else-if archives jobserver check-symlink
# environment
SSH_AUTH_SOCK = /private/tmp/com.apple.launchd.maWBlzwMIH/Listeners
# automatic
%F = $(notdir $%)
# environment
VSCODE_PIPE_LOGGING = true
# environment
PWD = /Users/chaejkim/workspace/minishell/chaejkim_01
# environment
HOMEBREW_CELLAR = /opt/homebrew/Cellar
# makefile (from `Makefile', line 17)
SAN_FLAG = -g3 -fsanitize=address
# makefile (from `Makefile', line 22)
CLUSTER_RL_DIR = $(HOME)/.brew/opt/readline
# environment
ORIGINAL_XDG_CURRENT_DESKTOP = undefined
# environment
MANPATH = /opt/homebrew/share/man:/usr/share/man:/usr/local/share/man:/opt/homebrew/share/man:
# environment
VSCODE_AMD_ENTRYPOINT = vs/workbench/api/node/extensionHostProcess
# environment
HOME = /Users/chaejkim
# default
MAKEFILEPATH = $(shell /usr/bin/xcode-select -print-path 2>/dev/null || echo /Developer)/Makefiles
# environment
VSCODE_CLI = 1
# environment
VSCODE_CODE_CACHE_PATH = /Users/chaejkim/Library/Application Support/Code/CachedData/c3511e6c69bb39013c4a4b7b9566ec1ca73fc4d5
# environment
LOGNAME = chaejkim
# environment
APPLICATION_INSIGHTS_NO_DIAGNOSTIC_CHANNEL = 1
# environment
ZSH = /Users/chaejkim/.oh-my-zsh
# environment
VSCODE_HANDLES_UNCAUGHT_ERRORS = true
# automatic
^D = $(patsubst %/,%,$(dir $^))
# environment
MAKELEVEL := 0
# environment
XPC_FLAGS = 0x0
# environment
COLORTERM = truecolor
# default
MAKE = $(MAKE_COMMAND)
# default
MAKECMDGOALS := all
# environment
SHLVL = 3
# makefile (from `Makefile', line 15)
CC = cc
# default
MAKE_VERSION := 3.81
# environment
USER = chaejkim
# makefile
.DEFAULT_GOAL := all
# makefile (from `Makefile', line 13)
NAME = minishell
# environment
LESS = -R
# automatic
%D = $(patsubst %/,%,$(dir $%))
# default
MAKE_COMMAND := /Library/Developer/CommandLineTools/usr/bin/make
# makefile (from `Makefile', line 24)
INC = -Iinclude -Ilib/libft -I$(LOCAL_RL_DIR)/include
# environment
VSCODE_GIT_ASKPASS_EXTRA_ARGS = --ms-enable-electron-run-as-node
# environment
TERM_PROGRAM = vscode
# default
.VARIABLES := 
# environment
TMPDIR = /var/folders/pw/zs_s4_b51d70wgw74tx4w76h0000gn/T/
# automatic
*F = $(notdir $*)
# environment
VSCODE_IPC_HOOK = /Users/chaejkim/Library/Application Support/Code/1.67.2-main.sock
# environment
VSCODE_GIT_ASKPASS_NODE = /Applications/Visual Studio Code.app/Contents/MacOS/Electron
# makefile
MAKEFLAGS = Rrqp
# environment
MFLAGS = -Rrqp
# automatic
*D = $(patsubst %/,%,$(dir $*))
# environment
TERM_PROGRAM_VERSION = 1.67.2
# environment
XPC_SERVICE_NAME = application.com.microsoft.VSCode.9917475.9917481.36F50F15-48FA-4C2B-915F-F0381418D280
# environment
HOMEBREW_PREFIX = /opt/homebrew
# automatic
+D = $(patsubst %/,%,$(dir $+))
# automatic
+F = $(notdir $+)
# environment
HOMEBREW_REPOSITORY = /opt/homebrew
# environment
__CF_USER_TEXT_ENCODING = 0x1F5:0x3:0x33
# environment
COMMAND_MODE = unix2003
# environment
GIT_ASKPASS = /Applications/Visual Studio Code.app/Contents/Resources/app/extensions/git/dist/askpass.sh
# default
MAKEFILES := 
# automatic
<F = $(notdir $<)
# environment
PAGER = less
# environment
LC_ALL = C
# environment
SECURITYSESSIONID = 186b1
# automatic
^F = $(notdir $^)
# default
SUFFIXES := 
# makefile (from `Makefile', line 19)
LFT = lib/libft/libft.a
# environment
VSCODE_GIT_IPC_HANDLE = /var/folders/pw/zs_s4_b51d70wgw74tx4w76h0000gn/T/vscode-git-0f661eaa31.sock
# environment
LANG = C
# makefile (from `Makefile', line 20)
LOCAL_RL_DIR = /opt/homebrew/Cellar/readline/8.1.2
# environment
TERM = xterm-256color
# environment
VSCODE_PID = 634
# variable set hash-table stats:
# Load=95/1024=9%, Rehash=0, Collisions=5/131=4%

# Pattern-specific Variable Values

# No pattern-specific variable values.

# Directories

# . (device 16777234, inode 14286341): 13 files, no impossibilities.
# src/main (device 16777234, inode 14542608): 4 files, no impossibilities so far.
# src (device 16777234, inode 14542594): No files, no impossibilities so far.

# 17 files, no impossibilities in 3 directories.

# Implicit Rules

obj/%.o: src/%.c
#  commands to execute (from `Makefile', line 44):
	@$(CC) $(CFLAGS) $(SAN_FLAG) $(INC) -o $@ -c $<
	

# 1 implicit rules, 0 (0.0%) terminal.

# Files

all: lib/libft/libft.a obj minishell
#  Phony target (prerequisite of .PHONY).
#  Command-line target.
#  Implicit rule search has not been done.
#  File does not exist.
#  File has been updated.
#  Needs to be updated (-q is set).
# variable set hash-table stats:
# Load=0/32=0%, Rehash=0, Collisions=0/7=0%

.PHONY: all clean fclean re
#  Implicit rule search has not been done.
#  Modification time never checked.
#  File has not been updated.

# Not a target:
obj/env/env.o:
#  Implicit rule search has not been done.
#  Modification time never checked.
#  File has not been updated.

# Not a target:
.SUFFIXES:
#  Implicit rule search has not been done.
#  Modification time never checked.
 
#  File has not been updated.

# Not a target:
Makefile:
#  Implicit rule search has been done.
#  Last modified 2022-08-25 00:26:00
#  File has been updated.
#  Successfully updated.
# variable set hash-table stats:
# Load=0/32=0%, Rehash=0, Collisions=0/0=0%

# Not a target:
obj/iostream/readcmdline.o:
#  Implicit rule search has not been done.
#  Modification time never checked.
#  File has not been updated.

minishell: obj/main/minishell.o obj/main/signal.o obj/env/env.o obj/iostream/readcmdline.o obj/parse/parse.o obj/parse/token.o obj/parse/tokenizer.o obj/utile/ft_error.o
#  Implicit rule search has not been done.
#  File does not exist.
#  File has been updated.
#  Needs to be updated (-q is set).
# variable set hash-table stats:
# Load=0/32=0%, Rehash=0, Collisions=0/7=0%
#  commands to execute (from `Makefile', line 49):
	@$(CC) $(CFLAGS) $(SAN_FLAG) -o $@ $^ $(LIB)
	

obj/main/signal.o: src/main/signal.c
#  Implicit rule search has been done.
#  Implicit/static pattern stem: `main/signal'
#  File does not exist.
#  File has been updated.
#  Needs to be updated (-q is set).
# automatic
# @ := obj/main/signal.o
# automatic
# % := 
# automatic
# * := main/signal
# automatic
# + := src/main/signal.c
# automatic
# | := 
# automatic
# < := src/main/signal.c
# automatic
# ^ := src/main/signal.c
# automatic
# ? := src/main/signal.c
# variable set hash-table stats:
# Load=8/32=25%, Rehash=0, Collisions=5/17=29%
#  commands to execute (from `Makefile', line 44):
	@$(CC) $(CFLAGS) $(SAN_FLAG) $(INC) -o $@ -c $<
	

fclean: clean
#  Phony target (prerequisite of .PHONY).
#  Implicit rule search has not been done.
#  File does not exist.
#  File has not been updated.
#  commands to execute (from `Makefile', line 59):
	@$(MAKE) -s -C lib/libft $@
	@rm -rf $(NAME)
	

obj:
#  Implicit rule search has not been done.
#  Last modified 2022-08-25 00:26:02
#  File has been updated.
#  Successfully updated.
#  commands to execute (from `Makefile', line 63):
	@mkdir -p obj
	@mkdir -p obj/main
	@mkdir -p obj/builtins
	@mkdir -p obj/env
	@mkdir -p obj/exec
	@mkdir -p obj/iostream
	@mkdir -p obj/parse
	@mkdir -p obj/utile
	

obj/main/minishell.o: src/main/minishell.c
#  Implicit rule search has been done.
#  Implicit/static pattern stem: `main/minishell'
#  Last modified 2022-08-25 00:26:02
#  File has been updated.
#  Successfully updated.
# variable set hash-table stats:
# Load=0/32=0%, Rehash=0, Collisions=0/0=0%
#  commands to execute (from `Makefile', line 44):
	@$(CC) $(CFLAGS) $(SAN_FLAG) $(INC) -o $@ -c $<
	

# Not a target:
.DEFAULT:
#  Implicit rule search has not been done.
#  Modification time never checked.
#  File has not been updated.

re: fclean all
#  Phony target (prerequisite of .PHONY).
#  Implicit rule search has not been done.
#  File does not exist.
#  File has not been updated.

clean:
#  Phony target (prerequisite of .PHONY).
#  Implicit rule search has not been done.
#  File does not exist.
#  File has not been updated.
#  commands to execute (from `Makefile', line 55):
	@$(MAKE) -s -C lib/libft $@
	rm -rf obj
	

# Not a target:
src/main/signal.c:
#  Implicit rule search has been done.
#  Last modified 2022-08-25 00:24:36
#  File has been updated.
#  Successfully updated.
# variable set hash-table stats:
# Load=0/32=0%, Rehash=0, Collisions=0/0=0%

# Not a target:
obj/parse/token.o:
#  Implicit rule search has not been done.
#  Modification time never checked.
#  File has not been updated.

# Not a target:
obj/parse/parse.o:
#  Implicit rule search has not been done.
#  Modification time never checked.
#  File has not been updated.

# Not a target:
src/main/minishell.c:
#  Implicit rule search has been done.
#  Last modified 2022-08-24 17:22:25
#  File has been updated.
#  Successfully updated.
# variable set hash-table stats:
# Load=0/32=0%, Rehash=0, Collisions=0/0=0%

lib/libft/libft.a:
#  Implicit rule search has not been done.
#  Last modified 2022-08-25 00:26:02
#  File has been updated.
#  Successfully updated.
#  commands to execute (from `Makefile', line 52):
	@$(MAKE) -s -C lib/libft
	

# Not a target:
obj/parse/tokenizer.o:
#  Implicit rule search has not been done.
#  Modification time never checked.
#  File has not been updated.

# Not a target:
obj/utile/ft_error.o:
#  Implicit rule search has not been done.
#  Modification time never checked.
#  File has not been updated.

# files hash-table stats:
# Load=21/1024=2%, Rehash=0, Collisions=1/58=2%
# VPATH Search Paths

# No `vpath' search paths.

# No general (`VPATH' variable) search path.

# # of strings in strcache: 1
# # of strcache buffers: 1
# strcache size: total = 4096 / max = 4096 / min = 4096 / avg = 4096
# strcache free: total = 4087 / max = 4087 / min = 4087 / avg = 4087

# Finished Make data base on Thu Aug 25 00:26:24 2022

 
